<?xml version="1.0" encoding="UTF-8"?>
<testsuite name="com.demp.sb.bookstore.BookstoreApplicationTests" tests="1" skipped="0" failures="0" errors="0" timestamp="2022-01-13T03:35:39" hostname="DESKTOP-PN4BVAI" time="0.741">
  <properties/>
  <testcase name="contextLoads()" classname="com.demp.sb.bookstore.BookstoreApplicationTests" time="0.741"/>
  <system-out><![CDATA[09:05:30.470 [Test worker] DEBUG org.springframework.test.context.BootstrapUtils - Instantiating CacheAwareContextLoaderDelegate from class [org.springframework.test.context.cache.DefaultCacheAwareContextLoaderDelegate]
09:05:30.483 [Test worker] DEBUG org.springframework.test.context.BootstrapUtils - Instantiating BootstrapContext using constructor [public org.springframework.test.context.support.DefaultBootstrapContext(java.lang.Class,org.springframework.test.context.CacheAwareContextLoaderDelegate)]
09:05:30.527 [Test worker] DEBUG org.springframework.test.context.BootstrapUtils - Instantiating TestContextBootstrapper for test class [com.demp.sb.bookstore.BookstoreApplicationTests] from class [org.springframework.boot.test.context.SpringBootTestContextBootstrapper]
09:05:30.544 [Test worker] INFO org.springframework.boot.test.context.SpringBootTestContextBootstrapper - Neither @ContextConfiguration nor @ContextHierarchy found for test class [com.demp.sb.bookstore.BookstoreApplicationTests], using SpringBootContextLoader
09:05:30.549 [Test worker] DEBUG org.springframework.test.context.support.AbstractContextLoader - Did not detect default resource location for test class [com.demp.sb.bookstore.BookstoreApplicationTests]: class path resource [com/demp/sb/bookstore/BookstoreApplicationTests-context.xml] does not exist
09:05:30.550 [Test worker] DEBUG org.springframework.test.context.support.AbstractContextLoader - Did not detect default resource location for test class [com.demp.sb.bookstore.BookstoreApplicationTests]: class path resource [com/demp/sb/bookstore/BookstoreApplicationTestsContext.groovy] does not exist
09:05:30.551 [Test worker] INFO org.springframework.test.context.support.AbstractContextLoader - Could not detect default resource locations for test class [com.demp.sb.bookstore.BookstoreApplicationTests]: no resource found for suffixes {-context.xml, Context.groovy}.
09:05:30.619 [Test worker] DEBUG org.springframework.test.context.support.ActiveProfilesUtils - Could not find an 'annotation declaring class' for annotation type [org.springframework.test.context.ActiveProfiles] and class [com.demp.sb.bookstore.BookstoreApplicationTests]
09:05:30.852 [Test worker] DEBUG org.springframework.boot.test.context.SpringBootTestContextBootstrapper - @TestExecutionListeners is not present for class [com.demp.sb.bookstore.BookstoreApplicationTests]: using defaults.
09:05:30.853 [Test worker] INFO org.springframework.boot.test.context.SpringBootTestContextBootstrapper - Loaded default TestExecutionListener class names from location [META-INF/spring.factories]: [org.springframework.boot.test.autoconfigure.restdocs.RestDocsTestExecutionListener, org.springframework.boot.test.autoconfigure.web.client.MockRestServiceServerResetTestExecutionListener, org.springframework.boot.test.autoconfigure.web.servlet.MockMvcPrintOnlyOnFailureTestExecutionListener, org.springframework.boot.test.autoconfigure.web.servlet.WebDriverTestExecutionListener, org.springframework.boot.test.autoconfigure.webservices.client.MockWebServiceServerTestExecutionListener, org.springframework.boot.test.mock.mockito.MockitoTestExecutionListener, org.springframework.boot.test.mock.mockito.ResetMocksTestExecutionListener, org.springframework.test.context.web.ServletTestExecutionListener, org.springframework.test.context.support.DirtiesContextBeforeModesTestExecutionListener, org.springframework.test.context.event.ApplicationEventsTestExecutionListener, org.springframework.test.context.support.DependencyInjectionTestExecutionListener, org.springframework.test.context.support.DirtiesContextTestExecutionListener, org.springframework.test.context.transaction.TransactionalTestExecutionListener, org.springframework.test.context.jdbc.SqlScriptsTestExecutionListener, org.springframework.test.context.event.EventPublishingTestExecutionListener]
09:05:30.887 [Test worker] INFO org.springframework.boot.test.context.SpringBootTestContextBootstrapper - Using TestExecutionListeners: [org.springframework.test.context.web.ServletTestExecutionListener@777323d3, org.springframework.test.context.support.DirtiesContextBeforeModesTestExecutionListener@6944ee1c, org.springframework.test.context.event.ApplicationEventsTestExecutionListener@6d915b73, org.springframework.boot.test.mock.mockito.MockitoTestExecutionListener@6d106a5d, org.springframework.boot.test.autoconfigure.SpringBootDependencyInjectionTestExecutionListener@313b197, org.springframework.test.context.support.DirtiesContextTestExecutionListener@4de98be7, org.springframework.test.context.transaction.TransactionalTestExecutionListener@2a441bea, org.springframework.test.context.jdbc.SqlScriptsTestExecutionListener@44e8de7d, org.springframework.test.context.event.EventPublishingTestExecutionListener@5ae9507e, org.springframework.boot.test.autoconfigure.restdocs.RestDocsTestExecutionListener@5bde5e77, org.springframework.boot.test.autoconfigure.web.client.MockRestServiceServerResetTestExecutionListener@514f95ad, org.springframework.boot.test.autoconfigure.web.servlet.MockMvcPrintOnlyOnFailureTestExecutionListener@53d6a2cf, org.springframework.boot.test.autoconfigure.web.servlet.WebDriverTestExecutionListener@43ac626b, org.springframework.boot.test.autoconfigure.webservices.client.MockWebServiceServerTestExecutionListener@6aa8a18f, org.springframework.boot.test.mock.mockito.ResetMocksTestExecutionListener@47e7b38a]
09:05:30.893 [Test worker] DEBUG org.springframework.test.context.support.AbstractDirtiesContextTestExecutionListener - Before test class: context [DefaultTestContext@10278781 testClass = BookstoreApplicationTests, testInstance = [null], testMethod = [null], testException = [null], mergedContextConfiguration = [WebMergedContextConfiguration@ccba104 testClass = BookstoreApplicationTests, locations = '{}', classes = '{class com.demo.sb.bookstore.BookStoreApplication}', contextInitializerClasses = '[]', activeProfiles = '{}', propertySourceLocations = '{}', propertySourceProperties = '{org.springframework.boot.test.context.SpringBootTestContextBootstrapper=true}', contextCustomizers = set[org.springframework.boot.test.autoconfigure.actuate.metrics.MetricsExportContextCustomizerFactory$DisableMetricExportContextCustomizer@7ea74bc9, org.springframework.boot.test.autoconfigure.properties.PropertyMappingContextCustomizer@0, org.springframework.boot.test.autoconfigure.web.servlet.WebDriverContextCustomizerFactory$Customizer@210759df, org.springframework.boot.test.context.filter.ExcludeFilterContextCustomizer@6264c760, org.springframework.boot.test.json.DuplicateJsonObjectContextCustomizerFactory$DuplicateJsonObjectContextCustomizer@40c37e01, org.springframework.boot.test.mock.mockito.MockitoContextCustomizer@0, org.springframework.boot.test.web.client.TestRestTemplateContextCustomizer@26ec4801, org.springframework.boot.test.context.SpringBootTestArgs@1, org.springframework.boot.test.context.SpringBootTestWebEnvironment@55c01048], resourceBasePath = 'src/main/webapp', contextLoader = 'org.springframework.boot.test.context.SpringBootContextLoader', parent = [null]], attributes = map['org.springframework.test.context.web.ServletTestExecutionListener.activateListener' -> true]], class annotated with @DirtiesContext [false] with mode [null].
09:05:31.238 [Test worker] DEBUG org.springframework.boot.ApplicationServletEnvironment - Activating profiles []
09:05:31.239 [Test worker] DEBUG org.springframework.test.context.support.TestPropertySourceUtils - Adding inlined properties to environment: {spring.jmx.enabled=false, org.springframework.boot.test.context.SpringBootTestContextBootstrapper=true}

  .   ____          _            __ _ _
 /\\ / ___'_ __ _ _(_)_ __  __ _ \ \ \ \
( ( )\___ | '_ | '_| | '_ \/ _` | \ \ \ \
 \\/  ___)| |_)| | | | | || (_| |  ) ) ) )
  '  |____| .__|_| |_|_| |_\__, | / / / /
 =========|_|==============|___/=/_/_/_/
 :: Spring Boot ::                (v2.6.2)

2022-01-13 09:05:31.741  INFO 1220 --- [    Test worker] c.d.s.b.BookstoreApplicationTests        : Starting BookstoreApplicationTests using Java 11.0.13 on DESKTOP-PN4BVAI with PID 1220 (started by Admin in D:\Sagnick\Code\Spring+React\sample-1)
2022-01-13 09:05:31.743  INFO 1220 --- [    Test worker] c.d.s.b.BookstoreApplicationTests        : No active profile set, falling back to default profiles: default
2022-01-13 09:05:32.994  INFO 1220 --- [    Test worker] .s.d.r.c.RepositoryConfigurationDelegate : Bootstrapping Spring Data JPA repositories in DEFAULT mode.
2022-01-13 09:05:33.016  INFO 1220 --- [    Test worker] .s.d.r.c.RepositoryConfigurationDelegate : Finished Spring Data repository scanning in 7 ms. Found 0 JPA repository interfaces.
2022-01-13 09:05:33.963  INFO 1220 --- [    Test worker] com.zaxxer.hikari.HikariDataSource       : HikariPool-1 - Starting...
2022-01-13 09:05:34.274  INFO 1220 --- [    Test worker] com.zaxxer.hikari.HikariDataSource       : HikariPool-1 - Start completed.
2022-01-13 09:05:34.386  INFO 1220 --- [    Test worker] o.hibernate.jpa.internal.util.LogHelper  : HHH000204: Processing PersistenceUnitInfo [name: default]
2022-01-13 09:05:34.466  INFO 1220 --- [    Test worker] org.hibernate.Version                    : HHH000412: Hibernate ORM core version 5.6.3.Final
2022-01-13 09:05:34.787  INFO 1220 --- [    Test worker] o.hibernate.annotations.common.Version   : HCANN000001: Hibernate Commons Annotations {5.1.2.Final}
2022-01-13 09:05:35.065  INFO 1220 --- [    Test worker] org.hibernate.dialect.Dialect            : HHH000400: Using dialect: org.hibernate.dialect.H2Dialect
2022-01-13 09:05:35.483  INFO 1220 --- [    Test worker] o.h.e.t.j.p.i.JtaPlatformInitiator       : HHH000490: Using JtaPlatform implementation: [org.hibernate.engine.transaction.jta.platform.internal.NoJtaPlatform]
2022-01-13 09:05:35.501  INFO 1220 --- [    Test worker] j.LocalContainerEntityManagerFactoryBean : Initialized JPA EntityManagerFactory for persistence unit 'default'
2022-01-13 09:05:35.966  WARN 1220 --- [    Test worker] JpaBaseConfiguration$JpaWebConfiguration : spring.jpa.open-in-view is enabled by default. Therefore, database queries may be performed during view rendering. Explicitly configure spring.jpa.open-in-view to disable this warning
2022-01-13 09:05:37.116  INFO 1220 --- [    Test worker] c.d.s.b.BookstoreApplicationTests        : Started BookstoreApplicationTests in 5.873 seconds (JVM running for 8.367)
]]></system-out>
  <system-err><![CDATA[]]></system-err>
</testsuite>
