<?xml version="1.0" encoding="UTF-8"?>
<testsuite name="com.demp.sb.bookstore.BookstoreApplicationTests" tests="1" skipped="0" failures="0" errors="0" timestamp="2022-01-12T15:27:55" hostname="DESKTOP-PN4BVAI" time="0.433">
  <properties/>
  <testcase name="contextLoads()" classname="com.demp.sb.bookstore.BookstoreApplicationTests" time="0.433"/>
  <system-out><![CDATA[20:57:40.121 [Test worker] DEBUG org.springframework.test.context.BootstrapUtils - Instantiating CacheAwareContextLoaderDelegate from class [org.springframework.test.context.cache.DefaultCacheAwareContextLoaderDelegate]
20:57:40.281 [Test worker] DEBUG org.springframework.test.context.BootstrapUtils - Instantiating BootstrapContext using constructor [public org.springframework.test.context.support.DefaultBootstrapContext(java.lang.Class,org.springframework.test.context.CacheAwareContextLoaderDelegate)]
20:57:40.324 [Test worker] DEBUG org.springframework.test.context.BootstrapUtils - Instantiating TestContextBootstrapper for test class [com.demp.sb.bookstore.BookstoreApplicationTests] from class [org.springframework.boot.test.context.SpringBootTestContextBootstrapper]
20:57:40.339 [Test worker] INFO org.springframework.boot.test.context.SpringBootTestContextBootstrapper - Neither @ContextConfiguration nor @ContextHierarchy found for test class [com.demp.sb.bookstore.BookstoreApplicationTests], using SpringBootContextLoader
20:57:40.343 [Test worker] DEBUG org.springframework.test.context.support.AbstractContextLoader - Did not detect default resource location for test class [com.demp.sb.bookstore.BookstoreApplicationTests]: class path resource [com/demp/sb/bookstore/BookstoreApplicationTests-context.xml] does not exist
20:57:40.344 [Test worker] DEBUG org.springframework.test.context.support.AbstractContextLoader - Did not detect default resource location for test class [com.demp.sb.bookstore.BookstoreApplicationTests]: class path resource [com/demp/sb/bookstore/BookstoreApplicationTestsContext.groovy] does not exist
20:57:40.344 [Test worker] INFO org.springframework.test.context.support.AbstractContextLoader - Could not detect default resource locations for test class [com.demp.sb.bookstore.BookstoreApplicationTests]: no resource found for suffixes {-context.xml, Context.groovy}.
20:57:40.408 [Test worker] DEBUG org.springframework.test.context.support.ActiveProfilesUtils - Could not find an 'annotation declaring class' for annotation type [org.springframework.test.context.ActiveProfiles] and class [com.demp.sb.bookstore.BookstoreApplicationTests]
20:57:41.230 [Test worker] DEBUG org.springframework.boot.test.context.SpringBootTestContextBootstrapper - @TestExecutionListeners is not present for class [com.demp.sb.bookstore.BookstoreApplicationTests]: using defaults.
20:57:41.231 [Test worker] INFO org.springframework.boot.test.context.SpringBootTestContextBootstrapper - Loaded default TestExecutionListener class names from location [META-INF/spring.factories]: [org.springframework.boot.test.autoconfigure.restdocs.RestDocsTestExecutionListener, org.springframework.boot.test.autoconfigure.web.client.MockRestServiceServerResetTestExecutionListener, org.springframework.boot.test.autoconfigure.web.servlet.MockMvcPrintOnlyOnFailureTestExecutionListener, org.springframework.boot.test.autoconfigure.web.servlet.WebDriverTestExecutionListener, org.springframework.boot.test.autoconfigure.webservices.client.MockWebServiceServerTestExecutionListener, org.springframework.boot.test.mock.mockito.MockitoTestExecutionListener, org.springframework.boot.test.mock.mockito.ResetMocksTestExecutionListener, org.springframework.test.context.web.ServletTestExecutionListener, org.springframework.test.context.support.DirtiesContextBeforeModesTestExecutionListener, org.springframework.test.context.event.ApplicationEventsTestExecutionListener, org.springframework.test.context.support.DependencyInjectionTestExecutionListener, org.springframework.test.context.support.DirtiesContextTestExecutionListener, org.springframework.test.context.transaction.TransactionalTestExecutionListener, org.springframework.test.context.jdbc.SqlScriptsTestExecutionListener, org.springframework.test.context.event.EventPublishingTestExecutionListener]
20:57:41.369 [Test worker] INFO org.springframework.boot.test.context.SpringBootTestContextBootstrapper - Using TestExecutionListeners: [org.springframework.test.context.web.ServletTestExecutionListener@1a7ba2ed, org.springframework.test.context.support.DirtiesContextBeforeModesTestExecutionListener@4d00cfbd, org.springframework.test.context.event.ApplicationEventsTestExecutionListener@27dec591, org.springframework.boot.test.mock.mockito.MockitoTestExecutionListener@75d78b65, org.springframework.boot.test.autoconfigure.SpringBootDependencyInjectionTestExecutionListener@327c23f8, org.springframework.test.context.support.DirtiesContextTestExecutionListener@794a6f2d, org.springframework.test.context.transaction.TransactionalTestExecutionListener@2869cfd8, org.springframework.test.context.jdbc.SqlScriptsTestExecutionListener@612ce513, org.springframework.test.context.event.EventPublishingTestExecutionListener@321c792d, org.springframework.boot.test.autoconfigure.restdocs.RestDocsTestExecutionListener@18855b44, org.springframework.boot.test.autoconfigure.web.client.MockRestServiceServerResetTestExecutionListener@7ef44083, org.springframework.boot.test.autoconfigure.web.servlet.MockMvcPrintOnlyOnFailureTestExecutionListener@78763633, org.springframework.boot.test.autoconfigure.web.servlet.WebDriverTestExecutionListener@29f2ed01, org.springframework.boot.test.autoconfigure.webservices.client.MockWebServiceServerTestExecutionListener@1b9fdc00, org.springframework.boot.test.mock.mockito.ResetMocksTestExecutionListener@47b367a8]
20:57:41.373 [Test worker] DEBUG org.springframework.test.context.support.AbstractDirtiesContextTestExecutionListener - Before test class: context [DefaultTestContext@52592f7 testClass = BookstoreApplicationTests, testInstance = [null], testMethod = [null], testException = [null], mergedContextConfiguration = [WebMergedContextConfiguration@6554160e testClass = BookstoreApplicationTests, locations = '{}', classes = '{class com.demo.sb.bookstore.BookStoreApplication}', contextInitializerClasses = '[]', activeProfiles = '{}', propertySourceLocations = '{}', propertySourceProperties = '{org.springframework.boot.test.context.SpringBootTestContextBootstrapper=true}', contextCustomizers = set[org.springframework.boot.test.autoconfigure.actuate.metrics.MetricsExportContextCustomizerFactory$DisableMetricExportContextCustomizer@6000e975, org.springframework.boot.test.autoconfigure.properties.PropertyMappingContextCustomizer@0, org.springframework.boot.test.autoconfigure.web.servlet.WebDriverContextCustomizerFactory$Customizer@3d272c47, org.springframework.boot.test.context.filter.ExcludeFilterContextCustomizer@4280fb70, org.springframework.boot.test.json.DuplicateJsonObjectContextCustomizerFactory$DuplicateJsonObjectContextCustomizer@7dea94b, org.springframework.boot.test.mock.mockito.MockitoContextCustomizer@0, org.springframework.boot.test.web.client.TestRestTemplateContextCustomizer@4560cc98, org.springframework.boot.test.context.SpringBootTestArgs@1, org.springframework.boot.test.context.SpringBootTestWebEnvironment@30c584a], resourceBasePath = 'src/main/webapp', contextLoader = 'org.springframework.boot.test.context.SpringBootContextLoader', parent = [null]], attributes = map['org.springframework.test.context.web.ServletTestExecutionListener.activateListener' -> true]], class annotated with @DirtiesContext [false] with mode [null].
20:57:41.878 [Test worker] DEBUG org.springframework.boot.ApplicationServletEnvironment - Activating profiles []
20:57:41.879 [Test worker] DEBUG org.springframework.test.context.support.TestPropertySourceUtils - Adding inlined properties to environment: {spring.jmx.enabled=false, org.springframework.boot.test.context.SpringBootTestContextBootstrapper=true}

  .   ____          _            __ _ _
 /\\ / ___'_ __ _ _(_)_ __  __ _ \ \ \ \
( ( )\___ | '_ | '_| | '_ \/ _` | \ \ \ \
 \\/  ___)| |_)| | | | | || (_| |  ) ) ) )
  '  |____| .__|_| |_|_| |_\__, | / / / /
 =========|_|==============|___/=/_/_/_/
 :: Spring Boot ::                (v2.6.2)

2022-01-12 20:57:42.376  INFO 9844 --- [    Test worker] c.d.s.b.BookstoreApplicationTests        : Starting BookstoreApplicationTests using Java 11.0.13 on DESKTOP-PN4BVAI with PID 9844 (started by Admin in D:\Sagnick\Code\Spring+React\sample-1)
2022-01-12 20:57:42.378  INFO 9844 --- [    Test worker] c.d.s.b.BookstoreApplicationTests        : No active profile set, falling back to default profiles: default
2022-01-12 20:57:49.759  INFO 9844 --- [    Test worker] .s.d.r.c.RepositoryConfigurationDelegate : Bootstrapping Spring Data JPA repositories in DEFAULT mode.
2022-01-12 20:57:49.781  INFO 9844 --- [    Test worker] .s.d.r.c.RepositoryConfigurationDelegate : Finished Spring Data repository scanning in 8 ms. Found 0 JPA repository interfaces.
2022-01-12 20:57:51.163  INFO 9844 --- [    Test worker] com.zaxxer.hikari.HikariDataSource       : HikariPool-1 - Starting...
2022-01-12 20:57:51.628  INFO 9844 --- [    Test worker] com.zaxxer.hikari.HikariDataSource       : HikariPool-1 - Start completed.
2022-01-12 20:57:51.806  INFO 9844 --- [    Test worker] o.hibernate.jpa.internal.util.LogHelper  : HHH000204: Processing PersistenceUnitInfo [name: default]
2022-01-12 20:57:51.946  INFO 9844 --- [    Test worker] org.hibernate.Version                    : HHH000412: Hibernate ORM core version 5.6.3.Final
2022-01-12 20:57:52.431  INFO 9844 --- [    Test worker] o.hibernate.annotations.common.Version   : HCANN000001: Hibernate Commons Annotations {5.1.2.Final}
2022-01-12 20:57:52.955  INFO 9844 --- [    Test worker] org.hibernate.dialect.Dialect            : HHH000400: Using dialect: org.hibernate.dialect.H2Dialect
2022-01-12 20:57:53.560  INFO 9844 --- [    Test worker] o.h.e.t.j.p.i.JtaPlatformInitiator       : HHH000490: Using JtaPlatform implementation: [org.hibernate.engine.transaction.jta.platform.internal.NoJtaPlatform]
2022-01-12 20:57:53.581  INFO 9844 --- [    Test worker] j.LocalContainerEntityManagerFactoryBean : Initialized JPA EntityManagerFactory for persistence unit 'default'
2022-01-12 20:57:54.163  WARN 9844 --- [    Test worker] JpaBaseConfiguration$JpaWebConfiguration : spring.jpa.open-in-view is enabled by default. Therefore, database queries may be performed during view rendering. Explicitly configure spring.jpa.open-in-view to disable this warning
2022-01-12 20:57:55.267  INFO 9844 --- [    Test worker] c.d.s.b.BookstoreApplicationTests        : Started BookstoreApplicationTests in 13.365 seconds (JVM running for 22.86)
]]></system-out>
  <system-err><![CDATA[]]></system-err>
</testsuite>
